2025-11-04T12:20:57.561515+0800 [6b8da043-d7c7-4fa6-95e7-c15f07d9bd42] INFO - Request started
2025-11-04T12:20:57.562758+0800 [6b8da043-d7c7-4fa6-95e7-c15f07d9bd42] INFO - index
2025-11-04T12:20:57.563506+0800 [6b8da043-d7c7-4fa6-95e7-c15f07d9bd42] INFO - Request ended
2025-11-04T12:21:31.683780+0800 [591ec425-3473-46c2-95c6-d827930126e8] INFO - Request started
2025-11-04T12:21:31.684942+0800 [591ec425-3473-46c2-95c6-d827930126e8] INFO - index
2025-11-04T12:21:31.685545+0800 [591ec425-3473-46c2-95c6-d827930126e8] INFO - Request ended
2025-11-04T12:33:02.730263+0800 [fc84b1cb-376b-48f3-a3bf-de3b1b3e2925] INFO - Request started
2025-11-04T12:33:02.731446+0800 [fc84b1cb-376b-48f3-a3bf-de3b1b3e2925] INFO - index
2025-11-04T12:33:02.732066+0800 [fc84b1cb-376b-48f3-a3bf-de3b1b3e2925] INFO - Request ended
2025-11-04T13:26:09.916036+0800 [fa074262-2bb4-49e7-af77-730292b70166] INFO - Request started
2025-11-04T13:26:09.917197+0800 [fa074262-2bb4-49e7-af77-730292b70166] INFO - index
2025-11-04T13:26:09.917690+0800 [fa074262-2bb4-49e7-af77-730292b70166] INFO - Request ended
2025-11-04T13:26:42.820822+0800 [f3a662d2-a07c-4a11-8f28-38a6db9bfefa] INFO - Request started
2025-11-04T13:26:42.821904+0800 [f3a662d2-a07c-4a11-8f28-38a6db9bfefa] INFO - index
2025-11-04T13:26:42.822462+0800 [f3a662d2-a07c-4a11-8f28-38a6db9bfefa] INFO - Request ended
2025-11-04T13:26:47.974748+0800 [14182cef-7294-4e81-a25e-672f30ccd1be] INFO - Request started
2025-11-04T13:26:47.975318+0800 [14182cef-7294-4e81-a25e-672f30ccd1be] INFO - index
2025-11-04T13:26:47.975706+0800 [14182cef-7294-4e81-a25e-672f30ccd1be] INFO - Request ended
2025-11-04T13:26:49.571549+0800 [fa188e8c-8e22-4172-b27b-0f90ad0988e7] INFO - Request started
2025-11-04T13:26:49.572127+0800 [fa188e8c-8e22-4172-b27b-0f90ad0988e7] INFO - index
2025-11-04T13:26:49.572557+0800 [fa188e8c-8e22-4172-b27b-0f90ad0988e7] INFO - Request ended
2025-11-04 13:28:01 [522cc1d7-7270-4c08-b8ff-4754746aed66] INFO - Request started
2025-11-04 13:28:01 [522cc1d7-7270-4c08-b8ff-4754746aed66] INFO - index
2025-11-04 13:28:01 [522cc1d7-7270-4c08-b8ff-4754746aed66] INFO - Request ended
2025-11-04 13:28:03 [679353f8-759c-466f-9879-29b03d5d9556] INFO - Request started
2025-11-04 13:28:03 [679353f8-759c-466f-9879-29b03d5d9556] INFO - index
2025-11-04 13:28:03 [679353f8-759c-466f-9879-29b03d5d9556] INFO - Request ended
